<?xml version="1.0" encoding="UTF-8"?>
<!-- Generated by org.testng.reporters.JUnitXMLReporter -->
<testsuite ignored="0" hostname="LAPTOP-SB9F5AI9" failures="0" tests="5" name="Default test" time="26.722" errors="0" timestamp="2026-05-15T13:58:37 IST">
  <testcase classname="tests.testcase" name="TC1_verifySearchBox" time="2.386"/>
  <testcase classname="tests.testcase" name="TC2_searchProduct" time="2.928"/>
  <testcase classname="tests.testcase" name="TC3_verifyTitle" time="5.855"/>
  <testcase classname="tests.testcase" name="TC4_resultsCheck" time="5.434"/>
  <testcase classname="tests.testcase" name="TC5_refreshPage" time="0.237"/>
</testsuite> <!-- Default test -->
