<?xml version="1.0" encoding="UTF-8"?>
<!-- Generated by org.testng.reporters.JUnitXMLReporter -->
<testsuite ignored="0" hostname="LAPTOP-SB9F5AI9" failures="0" tests="4" name="Default test" time="24.268" errors="0" timestamp="2026-05-15T14:36:07 IST">
  <testcase classname="tests.testcase" name="TC1_verifySearchBox" time="3.433"/>
  <testcase classname="tests.testcase" name="TC2_searchProduct" time="5.545"/>
  <testcase classname="tests.testcase" name="TC4_resultsCheck" time="5.959"/>
  <testcase classname="tests.testcase" name="TC5_refreshPage" time="0.297"/>
</testsuite> <!-- Default test -->
