<?xml version="1.0" encoding="UTF-8"?>
<testng-results ignored="0" total="4" passed="4" failed="0" skipped="0">
  <reporter-output>
  </reporter-output>
  <suite started-at="2026-05-15T15:03:01 IST" name="Default suite" finished-at="2026-05-15T15:03:20 IST" duration-ms="19058">
    <groups>
    </groups>
    <test started-at="2026-05-15T15:03:01 IST" name="Default test" finished-at="2026-05-15T15:03:20 IST" duration-ms="19058">
      <class name="tests.testcase">
        <test-method is-config="true" signature="setup(java.lang.reflect.Method)[pri:0, instance:tests.testcase@4c12331b]" started-at="2026-05-15T15:03:01 IST" name="setup" finished-at="2026-05-15T15:03:03 IST" duration-ms="2386" status="PASS">
          <params>
            <param index="0">
              <value>
                <![CDATA[public void tests.testcase.TC1_verifySearchBox()]]>
              </value>
            </param>
          </params>
          <reporter-output>
          </reporter-output>
        </test-method> <!-- setup -->
        <test-method signature="TC1_verifySearchBox()[pri:0, instance:tests.testcase@4c12331b]" started-at="2026-05-15T15:03:03 IST" name="TC1_verifySearchBox" finished-at="2026-05-15T15:03:06 IST" duration-ms="2350" status="PASS">
          <reporter-output>
          </reporter-output>
        </test-method> <!-- TC1_verifySearchBox -->
        <test-method is-config="true" signature="tearDown(org.testng.ITestResult)[pri:0, instance:tests.testcase@4c12331b]" started-at="2026-05-15T15:03:06 IST" name="tearDown" finished-at="2026-05-15T15:03:06 IST" duration-ms="225" status="PASS">
          <params>
            <param index="0">
              <value>
                <![CDATA[[TestResult name=TC1_verifySearchBox status=SUCCESS method=testcase.TC1_verifySearchBox()[pri:0, instance:tests.testcase@4c12331b] output={null}]]]>
              </value>
            </param>
          </params>
          <reporter-output>
          </reporter-output>
        </test-method> <!-- tearDown -->
        <test-method is-config="true" signature="setup(java.lang.reflect.Method)[pri:0, instance:tests.testcase@4c12331b]" started-at="2026-05-15T15:03:06 IST" name="setup" finished-at="2026-05-15T15:03:07 IST" duration-ms="947" status="PASS">
          <params>
            <param index="0">
              <value>
                <![CDATA[public void tests.testcase.TC2_searchProduct()]]>
              </value>
            </param>
          </params>
          <reporter-output>
          </reporter-output>
        </test-method> <!-- setup -->
        <test-method signature="TC2_searchProduct()[pri:0, instance:tests.testcase@4c12331b]" started-at="2026-05-15T15:03:07 IST" name="TC2_searchProduct" finished-at="2026-05-15T15:03:12 IST" duration-ms="4941" status="PASS">
          <reporter-output>
          </reporter-output>
        </test-method> <!-- TC2_searchProduct -->
        <test-method is-config="true" signature="tearDown(org.testng.ITestResult)[pri:0, instance:tests.testcase@4c12331b]" started-at="2026-05-15T15:03:12 IST" name="tearDown" finished-at="2026-05-15T15:03:12 IST" duration-ms="234" status="PASS">
          <params>
            <param index="0">
              <value>
                <![CDATA[[TestResult name=TC2_searchProduct status=SUCCESS method=testcase.TC2_searchProduct()[pri:0, instance:tests.testcase@4c12331b] output={null}]]]>
              </value>
            </param>
          </params>
          <reporter-output>
          </reporter-output>
        </test-method> <!-- tearDown -->
        <test-method is-config="true" signature="setup(java.lang.reflect.Method)[pri:0, instance:tests.testcase@4c12331b]" started-at="2026-05-15T15:03:12 IST" name="setup" finished-at="2026-05-15T15:03:14 IST" duration-ms="1538" status="PASS">
          <params>
            <param index="0">
              <value>
                <![CDATA[public void tests.testcase.TC4_resultsCheck()]]>
              </value>
            </param>
          </params>
          <reporter-output>
          </reporter-output>
        </test-method> <!-- setup -->
        <test-method signature="TC4_resultsCheck()[pri:0, instance:tests.testcase@4c12331b]" started-at="2026-05-15T15:03:14 IST" name="TC4_resultsCheck" finished-at="2026-05-15T15:03:18 IST" duration-ms="4241" status="PASS">
          <reporter-output>
          </reporter-output>
        </test-method> <!-- TC4_resultsCheck -->
        <test-method is-config="true" signature="tearDown(org.testng.ITestResult)[pri:0, instance:tests.testcase@4c12331b]" started-at="2026-05-15T15:03:18 IST" name="tearDown" finished-at="2026-05-15T15:03:18 IST" duration-ms="217" status="PASS">
          <params>
            <param index="0">
              <value>
                <![CDATA[[TestResult name=TC4_resultsCheck status=SUCCESS method=testcase.TC4_resultsCheck()[pri:0, instance:tests.testcase@4c12331b] output={null}]]]>
              </value>
            </param>
          </params>
          <reporter-output>
          </reporter-output>
        </test-method> <!-- tearDown -->
        <test-method is-config="true" signature="setup(java.lang.reflect.Method)[pri:0, instance:tests.testcase@4c12331b]" started-at="2026-05-15T15:03:18 IST" name="setup" finished-at="2026-05-15T15:03:20 IST" duration-ms="1537" status="PASS">
          <params>
            <param index="0">
              <value>
                <![CDATA[public void tests.testcase.TC5_refreshPage()]]>
              </value>
            </param>
          </params>
          <reporter-output>
          </reporter-output>
        </test-method> <!-- setup -->
        <test-method signature="TC5_refreshPage()[pri:0, instance:tests.testcase@4c12331b]" started-at="2026-05-15T15:03:20 IST" name="TC5_refreshPage" finished-at="2026-05-15T15:03:20 IST" duration-ms="226" status="PASS">
          <reporter-output>
          </reporter-output>
        </test-method> <!-- TC5_refreshPage -->
        <test-method is-config="true" signature="tearDown(org.testng.ITestResult)[pri:0, instance:tests.testcase@4c12331b]" started-at="2026-05-15T15:03:20 IST" name="tearDown" finished-at="2026-05-15T15:03:20 IST" duration-ms="159" status="PASS">
          <params>
            <param index="0">
              <value>
                <![CDATA[[TestResult name=TC5_refreshPage status=SUCCESS method=testcase.TC5_refreshPage()[pri:0, instance:tests.testcase@4c12331b] output={null}]]]>
              </value>
            </param>
          </params>
          <reporter-output>
          </reporter-output>
        </test-method> <!-- tearDown -->
        <test-method is-config="true" signature="endReport()[pri:0, instance:tests.testcase@4c12331b]" started-at="2026-05-15T15:03:20 IST" name="endReport" finished-at="2026-05-15T15:03:20 IST" duration-ms="217" status="PASS">
          <reporter-output>
          </reporter-output>
        </test-method> <!-- endReport -->
      </class> <!-- tests.testcase -->
    </test> <!-- Default test -->
  </suite> <!-- Default suite -->
</testng-results>
