<?xml version="1.0" encoding="UTF-8"?>
<testng-results ignored="0" total="4" passed="4" failed="0" skipped="0">
  <reporter-output>
  </reporter-output>
  <suite started-at="2026-05-17T02:35:27 IST" name="Default suite" finished-at="2026-05-17T02:35:46 IST" duration-ms="19167">
    <groups>
    </groups>
    <test started-at="2026-05-17T02:35:27 IST" name="Default test" finished-at="2026-05-17T02:35:46 IST" duration-ms="19167">
      <class name="tests.testcase">
        <test-method is-config="true" signature="setup(java.lang.reflect.Method)[pri:0, instance:tests.testcase@5bda8e08]" started-at="2026-05-17T02:35:27 IST" name="setup" finished-at="2026-05-17T02:35:29 IST" duration-ms="2216" status="PASS">
          <params>
            <param index="0">
              <value>
                <![CDATA[public void tests.testcase.TC1_verifySearchBox()]]>
              </value>
            </param>
          </params>
          <reporter-output>
          </reporter-output>
        </test-method> <!-- setup -->
        <test-method signature="TC1_verifySearchBox()[pri:0, instance:tests.testcase@5bda8e08]" started-at="2026-05-17T02:35:29 IST" name="TC1_verifySearchBox" finished-at="2026-05-17T02:35:32 IST" duration-ms="3187" status="PASS">
          <reporter-output>
          </reporter-output>
        </test-method> <!-- TC1_verifySearchBox -->
        <test-method is-config="true" signature="tearDown(org.testng.ITestResult)[pri:0, instance:tests.testcase@5bda8e08]" started-at="2026-05-17T02:35:32 IST" name="tearDown" finished-at="2026-05-17T02:35:33 IST" duration-ms="788" status="PASS">
          <params>
            <param index="0">
              <value>
                <![CDATA[[TestResult name=TC1_verifySearchBox status=SUCCESS method=testcase.TC1_verifySearchBox()[pri:0, instance:tests.testcase@5bda8e08] output={null}]]]>
              </value>
            </param>
          </params>
          <reporter-output>
          </reporter-output>
        </test-method> <!-- tearDown -->
        <test-method is-config="true" signature="setup(java.lang.reflect.Method)[pri:0, instance:tests.testcase@5bda8e08]" started-at="2026-05-17T02:35:33 IST" name="setup" finished-at="2026-05-17T02:35:34 IST" duration-ms="1533" status="PASS">
          <params>
            <param index="0">
              <value>
                <![CDATA[public void tests.testcase.TC2_searchProduct()]]>
              </value>
            </param>
          </params>
          <reporter-output>
          </reporter-output>
        </test-method> <!-- setup -->
        <test-method signature="TC2_searchProduct()[pri:0, instance:tests.testcase@5bda8e08]" started-at="2026-05-17T02:35:34 IST" name="TC2_searchProduct" finished-at="2026-05-17T02:35:37 IST" duration-ms="2468" status="PASS">
          <reporter-output>
          </reporter-output>
        </test-method> <!-- TC2_searchProduct -->
        <test-method is-config="true" signature="tearDown(org.testng.ITestResult)[pri:0, instance:tests.testcase@5bda8e08]" started-at="2026-05-17T02:35:37 IST" name="tearDown" finished-at="2026-05-17T02:35:37 IST" duration-ms="207" status="PASS">
          <params>
            <param index="0">
              <value>
                <![CDATA[[TestResult name=TC2_searchProduct status=SUCCESS method=testcase.TC2_searchProduct()[pri:0, instance:tests.testcase@5bda8e08] output={null}]]]>
              </value>
            </param>
          </params>
          <reporter-output>
          </reporter-output>
        </test-method> <!-- tearDown -->
        <test-method is-config="true" signature="setup(java.lang.reflect.Method)[pri:0, instance:tests.testcase@5bda8e08]" started-at="2026-05-17T02:35:37 IST" name="setup" finished-at="2026-05-17T02:35:39 IST" duration-ms="1494" status="PASS">
          <params>
            <param index="0">
              <value>
                <![CDATA[public void tests.testcase.TC4_resultsCheck()]]>
              </value>
            </param>
          </params>
          <reporter-output>
          </reporter-output>
        </test-method> <!-- setup -->
        <test-method signature="TC4_resultsCheck()[pri:0, instance:tests.testcase@5bda8e08]" started-at="2026-05-17T02:35:39 IST" name="TC4_resultsCheck" finished-at="2026-05-17T02:35:43 IST" duration-ms="4293" status="PASS">
          <reporter-output>
          </reporter-output>
        </test-method> <!-- TC4_resultsCheck -->
        <test-method is-config="true" signature="tearDown(org.testng.ITestResult)[pri:0, instance:tests.testcase@5bda8e08]" started-at="2026-05-17T02:35:43 IST" name="tearDown" finished-at="2026-05-17T02:35:43 IST" duration-ms="231" status="PASS">
          <params>
            <param index="0">
              <value>
                <![CDATA[[TestResult name=TC4_resultsCheck status=SUCCESS method=testcase.TC4_resultsCheck()[pri:0, instance:tests.testcase@5bda8e08] output={null}]]]>
              </value>
            </param>
          </params>
          <reporter-output>
          </reporter-output>
        </test-method> <!-- tearDown -->
        <test-method is-config="true" signature="setup(java.lang.reflect.Method)[pri:0, instance:tests.testcase@5bda8e08]" started-at="2026-05-17T02:35:43 IST" name="setup" finished-at="2026-05-17T02:35:45 IST" duration-ms="1557" status="PASS">
          <params>
            <param index="0">
              <value>
                <![CDATA[public void tests.testcase.TC5_refreshPage()]]>
              </value>
            </param>
          </params>
          <reporter-output>
          </reporter-output>
        </test-method> <!-- setup -->
        <test-method signature="TC5_refreshPage()[pri:0, instance:tests.testcase@5bda8e08]" started-at="2026-05-17T02:35:45 IST" name="TC5_refreshPage" finished-at="2026-05-17T02:35:45 IST" duration-ms="213" status="PASS">
          <reporter-output>
          </reporter-output>
        </test-method> <!-- TC5_refreshPage -->
        <test-method is-config="true" signature="tearDown(org.testng.ITestResult)[pri:0, instance:tests.testcase@5bda8e08]" started-at="2026-05-17T02:35:45 IST" name="tearDown" finished-at="2026-05-17T02:35:46 IST" duration-ms="930" status="PASS">
          <params>
            <param index="0">
              <value>
                <![CDATA[[TestResult name=TC5_refreshPage status=SUCCESS method=testcase.TC5_refreshPage()[pri:0, instance:tests.testcase@5bda8e08] output={null}]]]>
              </value>
            </param>
          </params>
          <reporter-output>
          </reporter-output>
        </test-method> <!-- tearDown -->
        <test-method is-config="true" signature="endReport()[pri:0, instance:tests.testcase@5bda8e08]" started-at="2026-05-17T02:35:46 IST" name="endReport" finished-at="2026-05-17T02:35:46 IST" duration-ms="360" status="PASS">
          <reporter-output>
          </reporter-output>
        </test-method> <!-- endReport -->
      </class> <!-- tests.testcase -->
    </test> <!-- Default test -->
  </suite> <!-- Default suite -->
</testng-results>
