<?xml version="1.0" encoding="UTF-8"?>
<!-- Generated by org.testng.reporters.JUnitReportReporter -->
<testsuite hostname="LAPTOP-SB9F5AI9" failures="0" tests="4" name="tests.testcase" time="19.713" errors="0" timestamp="2026-05-15T15:09:59 IST" skipped="0">
  <testcase classname="tests.testcase" name="TC2_searchProduct" time="6.422"/>
  <testcase classname="tests.testcase" name="TC1_verifySearchBox" time="4.644"/>
  <testcase classname="tests.testcase" name="TC4_resultsCheck" time="6.512"/>
  <testcase classname="tests.testcase" name="TC5_refreshPage" time="2.135"/>
</testsuite> <!-- tests.testcase -->
