<?xml version="1.0" encoding="UTF-8"?>
<!-- Generated by org.testng.reporters.JUnitReportReporter -->
<testsuite hostname="LAPTOP-SB9F5AI9" failures="0" tests="3" name="tests.LocatorPractice" time="18.271" errors="0" timestamp="2026-05-15T02:30:05 IST" skipped="0">
  <testcase classname="tests.LocatorPractice" name="amazonSearchTest" time="4.580"/>
  <testcase classname="tests.LocatorPractice" name="amazonSearchTest" time="7.247"/>
  <testcase classname="tests.LocatorPractice" name="amazonSearchTest" time="6.444"/>
</testsuite> <!-- tests.LocatorPractice -->
