<?xml version="1.0" encoding="UTF-8"?>
<!-- Generated by org.testng.reporters.JUnitReportReporter -->
<testsuite hostname="LAPTOP-SB9F5AI9" failures="0" tests="5" name="tests.testcase" time="32.338" errors="0" timestamp="2026-05-15T14:27:10 IST" skipped="0">
  <testcase classname="tests.testcase" name="TC4_resultsCheck" time="8.543"/>
  <testcase classname="tests.testcase" name="TC1_verifySearchBox" time="5.019"/>
  <testcase classname="tests.testcase" name="TC2_searchProduct" time="7.211"/>
  <testcase classname="tests.testcase" name="TC3_verifyTitle" time="6.833"/>
  <testcase classname="tests.testcase" name="TC5_refreshPage" time="4.732"/>
</testsuite> <!-- tests.testcase -->
